[2022-04-13 07:08:45,120] {taskinstance.py:877} INFO - Dependencies all met for <TaskInstance: fifth_dag.hello_task 2022-04-13T07:08:43.671354+00:00 [queued]>
[2022-04-13 07:08:45,141] {taskinstance.py:877} INFO - Dependencies all met for <TaskInstance: fifth_dag.hello_task 2022-04-13T07:08:43.671354+00:00 [queued]>
[2022-04-13 07:08:45,141] {taskinstance.py:1068} INFO - 
--------------------------------------------------------------------------------
[2022-04-13 07:08:45,141] {taskinstance.py:1069} INFO - Starting attempt 1 of 1
[2022-04-13 07:08:45,141] {taskinstance.py:1070} INFO - 
--------------------------------------------------------------------------------
[2022-04-13 07:08:45,153] {taskinstance.py:1089} INFO - Executing <Task(PythonOperator): hello_task> on 2022-04-13T07:08:43.671354+00:00
[2022-04-13 07:08:45,158] {standard_task_runner.py:52} INFO - Started process 47 to run task
[2022-04-13 07:08:45,164] {standard_task_runner.py:76} INFO - Running: ['airflow', 'tasks', 'run', 'fifth_dag', 'hello_task', '2022-04-13T07:08:43.671354+00:00', '--job-id', '44', '--pool', 'default_pool', '--raw', '--subdir', 'DAGS_FOLDER/fifth_dag.py', '--cfg-path', '/tmp/tmp16tut1g2', '--error-file', '/tmp/tmpgrx0yfte']
[2022-04-13 07:08:45,164] {standard_task_runner.py:77} INFO - Job 44: Subtask hello_task
[2022-04-13 07:08:45,214] {logging_mixin.py:104} INFO - Running <TaskInstance: fifth_dag.hello_task 2022-04-13T07:08:43.671354+00:00 [running]> on host 434ddd8a73dd
[2022-04-13 07:08:45,267] {taskinstance.py:1283} INFO - Exporting the following env vars:
AIRFLOW_CTX_DAG_OWNER=airflow
AIRFLOW_CTX_DAG_ID=fifth_dag
AIRFLOW_CTX_TASK_ID=hello_task
AIRFLOW_CTX_EXECUTION_DATE=2022-04-13T07:08:43.671354+00:00
AIRFLOW_CTX_DAG_RUN_ID=manual__2022-04-13T07:08:43.671354+00:00
[2022-04-13 07:08:45,268] {python.py:118} INFO - Done. Returned value was: Hello world from first Airflow DAG!
[2022-04-13 07:08:45,296] {taskinstance.py:1192} INFO - Marking task as SUCCESS. dag_id=fifth_dag, task_id=hello_task, execution_date=20220413T070843, start_date=20220413T070845, end_date=20220413T070845
[2022-04-13 07:08:45,333] {taskinstance.py:1246} INFO - 0 downstream tasks scheduled from follow-on schedule check
[2022-04-13 07:08:45,379] {local_task_job.py:146} INFO - Task exited with return code 0
