[2022-04-13 02:02:01,045] {taskinstance.py:877} INFO - Dependencies all met for <TaskInstance: first_dag.hello_task 2022-04-13T02:01:00+00:00 [queued]>
[2022-04-13 02:02:01,057] {taskinstance.py:877} INFO - Dependencies all met for <TaskInstance: first_dag.hello_task 2022-04-13T02:01:00+00:00 [queued]>
[2022-04-13 02:02:01,057] {taskinstance.py:1068} INFO - 
--------------------------------------------------------------------------------
[2022-04-13 02:02:01,057] {taskinstance.py:1069} INFO - Starting attempt 1 of 1
[2022-04-13 02:02:01,057] {taskinstance.py:1070} INFO - 
--------------------------------------------------------------------------------
[2022-04-13 02:02:01,072] {taskinstance.py:1089} INFO - Executing <Task(PythonOperator): hello_task> on 2022-04-13T02:01:00+00:00
[2022-04-13 02:02:01,080] {standard_task_runner.py:52} INFO - Started process 50 to run task
[2022-04-13 02:02:01,090] {standard_task_runner.py:76} INFO - Running: ['airflow', 'tasks', 'run', 'first_dag', 'hello_task', '2022-04-13T02:01:00+00:00', '--job-id', '15', '--pool', 'default_pool', '--raw', '--subdir', 'DAGS_FOLDER/first_dag.py', '--cfg-path', '/tmp/tmpbnzjxxyw', '--error-file', '/tmp/tmp1y13emig']
[2022-04-13 02:02:01,091] {standard_task_runner.py:77} INFO - Job 15: Subtask hello_task
[2022-04-13 02:02:01,136] {logging_mixin.py:104} INFO - Running <TaskInstance: first_dag.hello_task 2022-04-13T02:01:00+00:00 [running]> on host f15d18598361
[2022-04-13 02:02:01,176] {taskinstance.py:1283} INFO - Exporting the following env vars:
AIRFLOW_CTX_DAG_OWNER=airflow
AIRFLOW_CTX_DAG_ID=first_dag
AIRFLOW_CTX_TASK_ID=hello_task
AIRFLOW_CTX_EXECUTION_DATE=2022-04-13T02:01:00+00:00
AIRFLOW_CTX_DAG_RUN_ID=scheduled__2022-04-13T02:01:00+00:00
[2022-04-13 02:02:01,177] {python.py:118} INFO - Done. Returned value was: Hello world from first Airflow DAG!
[2022-04-13 02:02:01,206] {taskinstance.py:1192} INFO - Marking task as SUCCESS. dag_id=first_dag, task_id=hello_task, execution_date=20220413T020100, start_date=20220413T020201, end_date=20220413T020201
[2022-04-13 02:02:01,259] {taskinstance.py:1246} INFO - 0 downstream tasks scheduled from follow-on schedule check
[2022-04-13 02:02:01,304] {local_task_job.py:146} INFO - Task exited with return code 0
