[2022-04-12 10:02:00,434] {taskinstance.py:877} INFO - Dependencies all met for <TaskInstance: first_dag.hello_task 2022-04-12T10:01:00+00:00 [queued]>
[2022-04-12 10:02:00,449] {taskinstance.py:877} INFO - Dependencies all met for <TaskInstance: first_dag.hello_task 2022-04-12T10:01:00+00:00 [queued]>
[2022-04-12 10:02:00,449] {taskinstance.py:1068} INFO - 
--------------------------------------------------------------------------------
[2022-04-12 10:02:00,450] {taskinstance.py:1069} INFO - Starting attempt 1 of 1
[2022-04-12 10:02:00,450] {taskinstance.py:1070} INFO - 
--------------------------------------------------------------------------------
[2022-04-12 10:02:00,459] {taskinstance.py:1089} INFO - Executing <Task(PythonOperator): hello_task> on 2022-04-12T10:01:00+00:00
[2022-04-12 10:02:00,463] {standard_task_runner.py:52} INFO - Started process 49 to run task
[2022-04-12 10:02:00,466] {standard_task_runner.py:76} INFO - Running: ['airflow', 'tasks', 'run', 'first_dag', 'hello_task', '2022-04-12T10:01:00+00:00', '--job-id', '4', '--pool', 'default_pool', '--raw', '--subdir', 'DAGS_FOLDER/first_dag.py', '--cfg-path', '/tmp/tmp958v3bv1', '--error-file', '/tmp/tmp5prb8ti7']
[2022-04-12 10:02:00,466] {standard_task_runner.py:77} INFO - Job 4: Subtask hello_task
[2022-04-12 10:02:00,506] {logging_mixin.py:104} INFO - Running <TaskInstance: first_dag.hello_task 2022-04-12T10:01:00+00:00 [running]> on host 1837718b2e86
[2022-04-12 10:02:00,544] {taskinstance.py:1283} INFO - Exporting the following env vars:
AIRFLOW_CTX_DAG_OWNER=airflow
AIRFLOW_CTX_DAG_ID=first_dag
AIRFLOW_CTX_TASK_ID=hello_task
AIRFLOW_CTX_EXECUTION_DATE=2022-04-12T10:01:00+00:00
AIRFLOW_CTX_DAG_RUN_ID=scheduled__2022-04-12T10:01:00+00:00
[2022-04-12 10:02:00,545] {python.py:118} INFO - Done. Returned value was: Hello world from first Airflow DAG!
[2022-04-12 10:02:00,569] {taskinstance.py:1192} INFO - Marking task as SUCCESS. dag_id=first_dag, task_id=hello_task, execution_date=20220412T100100, start_date=20220412T100200, end_date=20220412T100200
[2022-04-12 10:02:00,597] {taskinstance.py:1246} INFO - 0 downstream tasks scheduled from follow-on schedule check
[2022-04-12 10:02:00,639] {local_task_job.py:146} INFO - Task exited with return code 0
