[2022-04-13 03:35:43,953] {taskinstance.py:877} INFO - Dependencies all met for <TaskInstance: first_dag.hello_task 2022-04-13T03:31:25.109578+00:00 [queued]>
[2022-04-13 03:35:43,973] {taskinstance.py:877} INFO - Dependencies all met for <TaskInstance: first_dag.hello_task 2022-04-13T03:31:25.109578+00:00 [queued]>
[2022-04-13 03:35:43,973] {taskinstance.py:1068} INFO - 
--------------------------------------------------------------------------------
[2022-04-13 03:35:43,973] {taskinstance.py:1069} INFO - Starting attempt 1 of 1
[2022-04-13 03:35:43,973] {taskinstance.py:1070} INFO - 
--------------------------------------------------------------------------------
[2022-04-13 03:35:43,984] {taskinstance.py:1089} INFO - Executing <Task(PythonOperator): hello_task> on 2022-04-13T03:31:25.109578+00:00
[2022-04-13 03:35:43,989] {standard_task_runner.py:52} INFO - Started process 47 to run task
[2022-04-13 03:35:43,994] {standard_task_runner.py:76} INFO - Running: ['airflow', 'tasks', 'run', 'first_dag', 'hello_task', '2022-04-13T03:31:25.109578+00:00', '--job-id', '33', '--pool', 'default_pool', '--raw', '--subdir', 'DAGS_FOLDER/first_dag.py', '--cfg-path', '/tmp/tmp8cyxbjii', '--error-file', '/tmp/tmppin4gmrg']
[2022-04-13 03:35:43,995] {standard_task_runner.py:77} INFO - Job 33: Subtask hello_task
[2022-04-13 03:35:44,055] {logging_mixin.py:104} INFO - Running <TaskInstance: first_dag.hello_task 2022-04-13T03:31:25.109578+00:00 [running]> on host cea7f5219bb8
[2022-04-13 03:35:44,125] {taskinstance.py:1283} INFO - Exporting the following env vars:
AIRFLOW_CTX_DAG_OWNER=airflow
AIRFLOW_CTX_DAG_ID=first_dag
AIRFLOW_CTX_TASK_ID=hello_task
AIRFLOW_CTX_EXECUTION_DATE=2022-04-13T03:31:25.109578+00:00
AIRFLOW_CTX_DAG_RUN_ID=manual__2022-04-13T03:31:25.109578+00:00
[2022-04-13 03:35:44,126] {python.py:118} INFO - Done. Returned value was: Hello world from first Airflow DAG!
[2022-04-13 03:35:44,175] {taskinstance.py:1192} INFO - Marking task as SUCCESS. dag_id=first_dag, task_id=hello_task, execution_date=20220413T033125, start_date=20220413T033543, end_date=20220413T033544
[2022-04-13 03:35:44,215] {taskinstance.py:1246} INFO - 0 downstream tasks scheduled from follow-on schedule check
[2022-04-13 03:35:44,251] {local_task_job.py:146} INFO - Task exited with return code 0
