[2022-04-13 03:41:56,885] {taskinstance.py:877} INFO - Dependencies all met for <TaskInstance: first_dag.hello_task 2022-04-13T03:40:43.891044+00:00 [queued]>
[2022-04-13 03:41:56,905] {taskinstance.py:877} INFO - Dependencies all met for <TaskInstance: first_dag.hello_task 2022-04-13T03:40:43.891044+00:00 [queued]>
[2022-04-13 03:41:56,905] {taskinstance.py:1068} INFO - 
--------------------------------------------------------------------------------
[2022-04-13 03:41:56,905] {taskinstance.py:1069} INFO - Starting attempt 1 of 1
[2022-04-13 03:41:56,905] {taskinstance.py:1070} INFO - 
--------------------------------------------------------------------------------
[2022-04-13 03:41:56,931] {taskinstance.py:1089} INFO - Executing <Task(PythonOperator): hello_task> on 2022-04-13T03:40:43.891044+00:00
[2022-04-13 03:41:56,937] {standard_task_runner.py:52} INFO - Started process 45 to run task
[2022-04-13 03:41:56,948] {standard_task_runner.py:76} INFO - Running: ['airflow', 'tasks', 'run', 'first_dag', 'hello_task', '2022-04-13T03:40:43.891044+00:00', '--job-id', '37', '--pool', 'default_pool', '--raw', '--subdir', 'DAGS_FOLDER/first_dag.py', '--cfg-path', '/tmp/tmpkq4lcqcp', '--error-file', '/tmp/tmp2tlg_b1d']
[2022-04-13 03:41:56,961] {standard_task_runner.py:77} INFO - Job 37: Subtask hello_task
[2022-04-13 03:41:57,089] {logging_mixin.py:104} INFO - Running <TaskInstance: first_dag.hello_task 2022-04-13T03:40:43.891044+00:00 [running]> on host 986bd49bb8da
[2022-04-13 03:41:57,173] {taskinstance.py:1283} INFO - Exporting the following env vars:
AIRFLOW_CTX_DAG_OWNER=airflow
AIRFLOW_CTX_DAG_ID=first_dag
AIRFLOW_CTX_TASK_ID=hello_task
AIRFLOW_CTX_EXECUTION_DATE=2022-04-13T03:40:43.891044+00:00
AIRFLOW_CTX_DAG_RUN_ID=manual__2022-04-13T03:40:43.891044+00:00
[2022-04-13 03:41:57,174] {python.py:118} INFO - Done. Returned value was: Hello world from first Airflow DAG!
[2022-04-13 03:41:57,247] {taskinstance.py:1192} INFO - Marking task as SUCCESS. dag_id=first_dag, task_id=hello_task, execution_date=20220413T034043, start_date=20220413T034156, end_date=20220413T034157
[2022-04-13 03:41:57,321] {taskinstance.py:1246} INFO - 0 downstream tasks scheduled from follow-on schedule check
[2022-04-13 03:41:57,347] {local_task_job.py:146} INFO - Task exited with return code 0
