[2022-04-13 04:14:18,105] {scheduler_job.py:182} INFO - Started process (PID=40) to work on /opt/airflow/dags/third_dag.py
[2022-04-13 04:14:18,128] {scheduler_job.py:629} INFO - Processing file /opt/airflow/dags/third_dag.py for tasks to queue
[2022-04-13 04:14:18,129] {logging_mixin.py:104} INFO - [2022-04-13 04:14:18,129] {dagbag.py:451} INFO - Filling up the DagBag from /opt/airflow/dags/third_dag.py
[2022-04-13 04:14:18,176] {scheduler_job.py:639} INFO - DAG(s) dict_keys(['second_dag']) retrieved from /opt/airflow/dags/third_dag.py
[2022-04-13 04:14:18,258] {logging_mixin.py:104} INFO - [2022-04-13 04:14:18,257] {dag.py:1824} INFO - Sync 1 DAGs
[2022-04-13 04:14:18,276] {logging_mixin.py:104} INFO - [2022-04-13 04:14:18,276] {dag.py:2280} INFO - Setting next_dagrun for second_dag to None
[2022-04-13 04:14:18,290] {scheduler_job.py:190} INFO - Processing /opt/airflow/dags/third_dag.py took 0.188 seconds
[2022-04-13 04:14:49,085] {scheduler_job.py:182} INFO - Started process (PID=69) to work on /opt/airflow/dags/third_dag.py
[2022-04-13 04:14:49,086] {scheduler_job.py:629} INFO - Processing file /opt/airflow/dags/third_dag.py for tasks to queue
[2022-04-13 04:14:49,087] {logging_mixin.py:104} INFO - [2022-04-13 04:14:49,087] {dagbag.py:451} INFO - Filling up the DagBag from /opt/airflow/dags/third_dag.py
[2022-04-13 04:14:49,099] {scheduler_job.py:639} INFO - DAG(s) dict_keys(['second_dag']) retrieved from /opt/airflow/dags/third_dag.py
[2022-04-13 04:14:49,117] {logging_mixin.py:104} INFO - [2022-04-13 04:14:49,117] {dag.py:1824} INFO - Sync 1 DAGs
[2022-04-13 04:14:49,137] {logging_mixin.py:104} INFO - [2022-04-13 04:14:49,137] {dag.py:2280} INFO - Setting next_dagrun for second_dag to None
[2022-04-13 04:14:49,147] {scheduler_job.py:190} INFO - Processing /opt/airflow/dags/third_dag.py took 0.065 seconds
[2022-04-13 04:15:19,688] {scheduler_job.py:182} INFO - Started process (PID=99) to work on /opt/airflow/dags/third_dag.py
[2022-04-13 04:15:19,689] {scheduler_job.py:629} INFO - Processing file /opt/airflow/dags/third_dag.py for tasks to queue
[2022-04-13 04:15:19,689] {logging_mixin.py:104} INFO - [2022-04-13 04:15:19,689] {dagbag.py:451} INFO - Filling up the DagBag from /opt/airflow/dags/third_dag.py
[2022-04-13 04:15:19,701] {scheduler_job.py:639} INFO - DAG(s) dict_keys(['second_dag']) retrieved from /opt/airflow/dags/third_dag.py
[2022-04-13 04:15:19,721] {logging_mixin.py:104} INFO - [2022-04-13 04:15:19,721] {dag.py:1824} INFO - Sync 1 DAGs
[2022-04-13 04:15:19,737] {logging_mixin.py:104} INFO - [2022-04-13 04:15:19,737] {dag.py:2280} INFO - Setting next_dagrun for second_dag to None
[2022-04-13 04:15:19,752] {scheduler_job.py:190} INFO - Processing /opt/airflow/dags/third_dag.py took 0.067 seconds
[2022-04-13 04:15:50,664] {scheduler_job.py:182} INFO - Started process (PID=131) to work on /opt/airflow/dags/third_dag.py
[2022-04-13 04:15:50,665] {scheduler_job.py:629} INFO - Processing file /opt/airflow/dags/third_dag.py for tasks to queue
[2022-04-13 04:15:50,666] {logging_mixin.py:104} INFO - [2022-04-13 04:15:50,666] {dagbag.py:451} INFO - Filling up the DagBag from /opt/airflow/dags/third_dag.py
[2022-04-13 04:15:50,679] {scheduler_job.py:639} INFO - DAG(s) dict_keys(['second_dag']) retrieved from /opt/airflow/dags/third_dag.py
[2022-04-13 04:15:50,698] {logging_mixin.py:104} INFO - [2022-04-13 04:15:50,698] {dag.py:1824} INFO - Sync 1 DAGs
[2022-04-13 04:15:50,719] {logging_mixin.py:104} INFO - [2022-04-13 04:15:50,719] {dag.py:2280} INFO - Setting next_dagrun for second_dag to None
[2022-04-13 04:15:50,729] {scheduler_job.py:190} INFO - Processing /opt/airflow/dags/third_dag.py took 0.068 seconds
[2022-04-13 04:16:21,302] {scheduler_job.py:182} INFO - Started process (PID=160) to work on /opt/airflow/dags/third_dag.py
[2022-04-13 04:16:21,303] {scheduler_job.py:629} INFO - Processing file /opt/airflow/dags/third_dag.py for tasks to queue
[2022-04-13 04:16:21,303] {logging_mixin.py:104} INFO - [2022-04-13 04:16:21,303] {dagbag.py:451} INFO - Filling up the DagBag from /opt/airflow/dags/third_dag.py
[2022-04-13 04:16:21,315] {scheduler_job.py:639} INFO - DAG(s) dict_keys(['second_dag']) retrieved from /opt/airflow/dags/third_dag.py
[2022-04-13 04:16:21,341] {logging_mixin.py:104} INFO - [2022-04-13 04:16:21,341] {dag.py:1824} INFO - Sync 1 DAGs
[2022-04-13 04:16:21,360] {logging_mixin.py:104} INFO - [2022-04-13 04:16:21,360] {dag.py:2280} INFO - Setting next_dagrun for second_dag to None
[2022-04-13 04:16:21,373] {scheduler_job.py:190} INFO - Processing /opt/airflow/dags/third_dag.py took 0.074 seconds
[2022-04-13 04:16:51,821] {scheduler_job.py:182} INFO - Started process (PID=187) to work on /opt/airflow/dags/third_dag.py
[2022-04-13 04:16:51,823] {scheduler_job.py:629} INFO - Processing file /opt/airflow/dags/third_dag.py for tasks to queue
[2022-04-13 04:16:51,823] {logging_mixin.py:104} INFO - [2022-04-13 04:16:51,823] {dagbag.py:451} INFO - Filling up the DagBag from /opt/airflow/dags/third_dag.py
[2022-04-13 04:16:51,838] {scheduler_job.py:639} INFO - DAG(s) dict_keys(['second_dag']) retrieved from /opt/airflow/dags/third_dag.py
[2022-04-13 04:16:51,863] {logging_mixin.py:104} INFO - [2022-04-13 04:16:51,863] {dag.py:1824} INFO - Sync 1 DAGs
[2022-04-13 04:16:51,879] {logging_mixin.py:104} INFO - [2022-04-13 04:16:51,879] {dag.py:2280} INFO - Setting next_dagrun for second_dag to None
[2022-04-13 04:16:51,889] {scheduler_job.py:190} INFO - Processing /opt/airflow/dags/third_dag.py took 0.071 seconds
[2022-04-13 04:17:22,251] {scheduler_job.py:182} INFO - Started process (PID=216) to work on /opt/airflow/dags/third_dag.py
[2022-04-13 04:17:22,252] {scheduler_job.py:629} INFO - Processing file /opt/airflow/dags/third_dag.py for tasks to queue
[2022-04-13 04:17:22,253] {logging_mixin.py:104} INFO - [2022-04-13 04:17:22,253] {dagbag.py:451} INFO - Filling up the DagBag from /opt/airflow/dags/third_dag.py
[2022-04-13 04:17:22,264] {scheduler_job.py:639} INFO - DAG(s) dict_keys(['second_dag']) retrieved from /opt/airflow/dags/third_dag.py
[2022-04-13 04:17:22,290] {logging_mixin.py:104} INFO - [2022-04-13 04:17:22,290] {dag.py:1824} INFO - Sync 1 DAGs
[2022-04-13 04:17:22,312] {logging_mixin.py:104} INFO - [2022-04-13 04:17:22,312] {dag.py:2280} INFO - Setting next_dagrun for second_dag to None
[2022-04-13 04:17:22,327] {scheduler_job.py:190} INFO - Processing /opt/airflow/dags/third_dag.py took 0.079 seconds
[2022-04-13 04:17:52,731] {scheduler_job.py:182} INFO - Started process (PID=245) to work on /opt/airflow/dags/third_dag.py
[2022-04-13 04:17:52,732] {scheduler_job.py:629} INFO - Processing file /opt/airflow/dags/third_dag.py for tasks to queue
[2022-04-13 04:17:52,733] {logging_mixin.py:104} INFO - [2022-04-13 04:17:52,733] {dagbag.py:451} INFO - Filling up the DagBag from /opt/airflow/dags/third_dag.py
[2022-04-13 04:17:52,746] {scheduler_job.py:639} INFO - DAG(s) dict_keys(['second_dag']) retrieved from /opt/airflow/dags/third_dag.py
[2022-04-13 04:17:52,770] {logging_mixin.py:104} INFO - [2022-04-13 04:17:52,770] {dag.py:1824} INFO - Sync 1 DAGs
[2022-04-13 04:17:52,788] {logging_mixin.py:104} INFO - [2022-04-13 04:17:52,788] {dag.py:2280} INFO - Setting next_dagrun for second_dag to None
[2022-04-13 04:17:52,799] {scheduler_job.py:190} INFO - Processing /opt/airflow/dags/third_dag.py took 0.070 seconds
[2022-04-13 04:18:23,232] {scheduler_job.py:182} INFO - Started process (PID=274) to work on /opt/airflow/dags/third_dag.py
[2022-04-13 04:18:23,233] {scheduler_job.py:629} INFO - Processing file /opt/airflow/dags/third_dag.py for tasks to queue
[2022-04-13 04:18:23,234] {logging_mixin.py:104} INFO - [2022-04-13 04:18:23,234] {dagbag.py:451} INFO - Filling up the DagBag from /opt/airflow/dags/third_dag.py
[2022-04-13 04:18:23,253] {scheduler_job.py:639} INFO - DAG(s) dict_keys(['second_dag']) retrieved from /opt/airflow/dags/third_dag.py
[2022-04-13 04:18:23,300] {logging_mixin.py:104} INFO - [2022-04-13 04:18:23,300] {dag.py:1824} INFO - Sync 1 DAGs
[2022-04-13 04:18:23,330] {logging_mixin.py:104} INFO - [2022-04-13 04:18:23,330] {dag.py:2280} INFO - Setting next_dagrun for second_dag to None
[2022-04-13 04:18:23,351] {scheduler_job.py:190} INFO - Processing /opt/airflow/dags/third_dag.py took 0.123 seconds
[2022-04-13 04:18:53,837] {scheduler_job.py:182} INFO - Started process (PID=303) to work on /opt/airflow/dags/third_dag.py
[2022-04-13 04:18:53,838] {scheduler_job.py:629} INFO - Processing file /opt/airflow/dags/third_dag.py for tasks to queue
[2022-04-13 04:18:53,839] {logging_mixin.py:104} INFO - [2022-04-13 04:18:53,839] {dagbag.py:451} INFO - Filling up the DagBag from /opt/airflow/dags/third_dag.py
[2022-04-13 04:18:53,851] {scheduler_job.py:639} INFO - DAG(s) dict_keys(['second_dag']) retrieved from /opt/airflow/dags/third_dag.py
[2022-04-13 04:18:53,878] {logging_mixin.py:104} INFO - [2022-04-13 04:18:53,877] {dag.py:1824} INFO - Sync 1 DAGs
[2022-04-13 04:18:53,893] {logging_mixin.py:104} INFO - [2022-04-13 04:18:53,893] {dag.py:2280} INFO - Setting next_dagrun for second_dag to None
[2022-04-13 04:18:53,903] {scheduler_job.py:190} INFO - Processing /opt/airflow/dags/third_dag.py took 0.069 seconds
[2022-04-13 04:19:24,328] {scheduler_job.py:182} INFO - Started process (PID=332) to work on /opt/airflow/dags/third_dag.py
[2022-04-13 04:19:24,329] {scheduler_job.py:629} INFO - Processing file /opt/airflow/dags/third_dag.py for tasks to queue
[2022-04-13 04:19:24,329] {logging_mixin.py:104} INFO - [2022-04-13 04:19:24,329] {dagbag.py:451} INFO - Filling up the DagBag from /opt/airflow/dags/third_dag.py
[2022-04-13 04:19:24,345] {scheduler_job.py:639} INFO - DAG(s) dict_keys(['second_dag']) retrieved from /opt/airflow/dags/third_dag.py
[2022-04-13 04:19:24,369] {logging_mixin.py:104} INFO - [2022-04-13 04:19:24,369] {dag.py:1824} INFO - Sync 1 DAGs
[2022-04-13 04:19:24,387] {logging_mixin.py:104} INFO - [2022-04-13 04:19:24,387] {dag.py:2280} INFO - Setting next_dagrun for second_dag to None
[2022-04-13 04:19:24,400] {scheduler_job.py:190} INFO - Processing /opt/airflow/dags/third_dag.py took 0.075 seconds
