[2022-04-12 10:05:00,790] {taskinstance.py:877} INFO - Dependencies all met for <TaskInstance: first_dag.hello_task 2022-04-12T10:04:00+00:00 [queued]>
[2022-04-12 10:05:00,807] {taskinstance.py:877} INFO - Dependencies all met for <TaskInstance: first_dag.hello_task 2022-04-12T10:04:00+00:00 [queued]>
[2022-04-12 10:05:00,807] {taskinstance.py:1068} INFO - 
--------------------------------------------------------------------------------
[2022-04-12 10:05:00,807] {taskinstance.py:1069} INFO - Starting attempt 1 of 1
[2022-04-12 10:05:00,807] {taskinstance.py:1070} INFO - 
--------------------------------------------------------------------------------
[2022-04-12 10:05:00,821] {taskinstance.py:1089} INFO - Executing <Task(PythonOperator): hello_task> on 2022-04-12T10:04:00+00:00
[2022-04-12 10:05:00,827] {standard_task_runner.py:76} INFO - Running: ['airflow', 'tasks', 'run', 'first_dag', 'hello_task', '2022-04-12T10:04:00+00:00', '--job-id', '7', '--pool', 'default_pool', '--raw', '--subdir', 'DAGS_FOLDER/first_dag.py', '--cfg-path', '/tmp/tmpze5rjx_y', '--error-file', '/tmp/tmpj93gs1ea']
[2022-04-12 10:05:00,828] {standard_task_runner.py:77} INFO - Job 7: Subtask hello_task
[2022-04-12 10:05:00,825] {standard_task_runner.py:52} INFO - Started process 55 to run task
[2022-04-12 10:05:00,863] {logging_mixin.py:104} INFO - Running <TaskInstance: first_dag.hello_task 2022-04-12T10:04:00+00:00 [running]> on host 1837718b2e86
[2022-04-12 10:05:00,900] {taskinstance.py:1283} INFO - Exporting the following env vars:
AIRFLOW_CTX_DAG_OWNER=airflow
AIRFLOW_CTX_DAG_ID=first_dag
AIRFLOW_CTX_TASK_ID=hello_task
AIRFLOW_CTX_EXECUTION_DATE=2022-04-12T10:04:00+00:00
AIRFLOW_CTX_DAG_RUN_ID=scheduled__2022-04-12T10:04:00+00:00
[2022-04-12 10:05:00,900] {python.py:118} INFO - Done. Returned value was: Hello world from first Airflow DAG!
[2022-04-12 10:05:00,925] {taskinstance.py:1192} INFO - Marking task as SUCCESS. dag_id=first_dag, task_id=hello_task, execution_date=20220412T100400, start_date=20220412T100500, end_date=20220412T100500
[2022-04-12 10:05:00,951] {taskinstance.py:1246} INFO - 0 downstream tasks scheduled from follow-on schedule check
[2022-04-12 10:05:00,961] {local_task_job.py:146} INFO - Task exited with return code 0
